INFO 2025-08-23 13:03:44,860 utils 9228 13268 Registered new person: Person_1
INFO 2025-08-23 13:03:51,987 utils 9228 13268 Updated emotion for Person_1: neutral (0.79)
INFO 2025-08-23 13:03:53,258 utils 9228 13268 Updated emotion for Person_1: neutral (0.75)
INFO 2025-08-23 13:03:55,853 utils 9228 13268 Updated emotion for Person_1: neutral (0.76)
INFO 2025-08-23 13:03:58,355 utils 9228 13268 Updated emotion for Person_1: neutral (0.79)
INFO 2025-08-23 13:03:59,451 utils 9228 13268 Updated emotion for Person_1: neutral (0.79)
INFO 2025-08-23 13:04:16,957 utils 9228 13268 Updated emotion for Person_1: sad (0.90)
INFO 2025-08-23 13:04:19,267 utils 9228 13268 Updated emotion for Person_1: sad (0.90)
INFO 2025-08-23 13:04:20,449 utils 9228 13268 Updated emotion for Person_1: sad (0.90)
INFO 2025-08-23 13:04:23,935 utils 9228 13268 Updated emotion for Person_1: sad (0.90)
INFO 2025-08-23 13:04:25,070 utils 9228 13268 Updated emotion for Person_1: sad (0.90)
INFO 2025-08-23 13:04:28,483 utils 9228 13268 Updated emotion for Person_1: neutral (0.81)
INFO 2025-08-23 13:04:33,370 utils 9228 13268 Updated emotion for Person_1: neutral (0.81)
INFO 2025-08-23 13:04:34,496 utils 9228 13268 Updated emotion for Person_1: neutral (0.82)
INFO 2025-08-23 13:04:35,669 utils 9228 13268 Updated emotion for Person_1: neutral (0.80)
INFO 2025-08-23 13:04:36,757 utils 9228 13268 Updated emotion for Person_1: neutral (0.81)
INFO 2025-08-23 13:06:47,587 utils 9228 12284 Registered new person: Person_2
INFO 2025-08-23 13:07:28,562 utils 9228 12284 Updated emotion for Person_1: sad (0.71)
INFO 2025-08-23 13:07:31,561 utils 9228 12284 Updated emotion for Person_1: neutral (0.89)
INFO 2025-08-23 13:07:34,091 utils 9228 12284 Updated emotion for Person_1: sad (0.75)
INFO 2025-08-23 13:21:46,834 utils 14320 7328 Updated emotion for Person_1: neutral (0.83)
INFO 2025-08-23 13:21:48,051 utils 14320 7328 Updated emotion for Person_1: neutral (0.86)
INFO 2025-08-23 13:21:49,158 utils 14320 7328 Updated emotion for Person_1: neutral (0.86)
INFO 2025-08-23 13:21:50,625 utils 14320 7328 Updated emotion for Person_1: neutral (0.80)
INFO 2025-08-23 13:21:52,329 utils 14320 7328 Updated emotion for Person_1: neutral (0.80)
INFO 2025-08-23 13:22:03,262 utils 14320 14388 Registered new person: Person_3
INFO 2025-08-23 13:22:09,408 utils 14320 14388 Updated emotion for Person_3: neutral (0.75)
INFO 2025-08-23 13:22:12,212 utils 14320 14388 Updated emotion for Person_3: sad (0.87)
INFO 2025-08-23 13:22:13,525 utils 14320 14388 Updated emotion for Person_3: neutral (0.76)
INFO 2025-08-23 13:22:16,919 utils 14320 14388 Updated emotion for Person_3: neutral (0.76)
INFO 2025-08-23 13:22:42,183 utils 14320 14388 Updated emotion for Person_1: sad (0.71)
INFO 2025-08-23 13:22:43,677 utils 14320 14388 Updated emotion for Person_1: neutral (0.83)
INFO 2025-08-23 13:22:45,070 utils 14320 14388 Updated emotion for Person_1: neutral (0.81)
INFO 2025-08-23 13:22:46,635 utils 14320 14388 Updated emotion for Person_1: neutral (0.84)
INFO 2025-08-23 13:22:47,803 utils 14320 14388 Updated emotion for Person_1: neutral (0.87)
INFO 2025-08-23 13:22:49,087 utils 14320 14388 Updated emotion for Person_1: neutral (0.88)
INFO 2025-08-23 13:22:55,820 utils 14320 14388 Updated emotion for Person_1: sad (0.80)
INFO 2025-08-23 13:22:58,734 utils 14320 14388 Updated emotion for Person_1: neutral (0.88)
INFO 2025-08-23 13:23:00,674 utils 14320 14388 Updated emotion for Person_1: neutral (0.88)
INFO 2025-08-23 13:23:02,719 utils 14320 14388 Updated emotion for Person_1: neutral (0.87)
INFO 2025-08-23 13:23:05,343 utils 14320 14388 Updated emotion for Person_1: neutral (0.88)
INFO 2025-08-23 13:23:08,306 utils 14320 6052 Updated emotion for Person_1: neutral (0.99)
INFO 2025-08-23 13:23:37,797 utils 14320 6052 Updated emotion for Person_1: happy (0.84)
INFO 2025-08-23 13:23:38,928 utils 14320 6052 Updated emotion for Person_1: happy (0.86)
INFO 2025-08-23 13:23:41,095 utils 14320 6052 Updated emotion for Person_1: happy (0.85)
INFO 2025-08-23 13:23:42,267 utils 14320 6052 Updated emotion for Person_1: happy (0.85)
INFO 2025-08-23 13:23:43,477 utils 14320 6052 Updated emotion for Person_1: happy (0.85)
INFO 2025-08-23 13:23:58,046 utils 14320 6052 Updated emotion for Person_1: angry (0.82)
INFO 2025-08-23 13:24:06,993 utils 14320 14268 Updated emotion for Person_1: neutral (0.92)
INFO 2025-08-23 13:24:08,487 utils 14320 14268 Updated emotion for Person_1: angry (0.72)
INFO 2025-08-23 13:24:09,897 utils 14320 14268 Updated emotion for Person_1: angry (0.72)
INFO 2025-08-23 13:24:18,214 utils 14320 14268 Updated emotion for Person_1: angry (0.72)
INFO 2025-08-23 13:24:21,272 utils 14320 14268 Updated emotion for Person_1: angry (0.72)
INFO 2025-08-23 13:29:20,285 utils 14744 16020 Updated emotion for Person_1: neutral (0.90)
INFO 2025-08-23 13:29:21,670 utils 14744 16020 Updated emotion for Person_1: neutral (0.81)
INFO 2025-08-23 13:29:26,229 utils 14744 16020 Updated emotion for Person_1: neutral (0.81)
INFO 2025-08-23 13:29:28,917 utils 14744 16020 Updated emotion for Person_1: neutral (0.77)
INFO 2025-08-23 13:29:30,359 utils 14744 16020 Updated emotion for Person_1: neutral (0.75)
INFO 2025-08-23 13:29:40,144 utils 14744 16020 Updated emotion for Person_1: angry (0.81)
INFO 2025-08-23 13:29:41,443 utils 14744 16020 Updated emotion for Person_1: angry (0.81)
INFO 2025-08-23 13:35:42,135 utils 9864 1524 Updated emotion for Person_1: angry (0.99)
INFO 2025-08-23 13:35:43,950 utils 9864 1524 Updated emotion for Person_1: angry (0.98)
INFO 2025-08-23 13:35:45,407 utils 9864 1524 Updated emotion for Person_1: angry (0.99)
INFO 2025-08-23 13:53:31,909 utils 15004 10996 Updated emotion for Person_1: sad (0.64)
INFO 2025-08-23 13:53:34,088 utils 15004 10996 Updated emotion for Person_1: neutral (0.69)
INFO 2025-08-23 13:53:35,175 utils 15004 10996 Updated emotion for Person_1: sad (0.73)
INFO 2025-08-23 13:53:36,400 utils 15004 10996 Updated emotion for Person_1: sad (0.73)
INFO 2025-08-23 13:53:37,617 utils 15004 10996 Updated emotion for Person_1: neutral (0.72)
INFO 2025-08-23 13:53:38,678 utils 15004 10996 Updated emotion for Person_1: neutral (0.71)
INFO 2025-08-23 13:54:25,301 utils 15004 11856 Updated emotion for Person_1: sad (0.85)
INFO 2025-08-23 13:54:26,733 utils 15004 11856 Updated emotion for Person_1: sad (0.79)
INFO 2025-08-23 13:54:29,127 utils 15004 11856 Updated emotion for Person_1: sad (0.76)
INFO 2025-08-23 13:54:31,375 utils 15004 11856 Updated emotion for Person_1: sad (0.76)
INFO 2025-08-23 13:54:32,479 utils 15004 11856 Updated emotion for Person_1: sad (0.75)
INFO 2025-08-23 13:54:57,310 utils 15004 11856 Updated emotion for Person_1: happy (0.90)
INFO 2025-08-23 13:54:58,498 utils 15004 11856 Updated emotion for Person_1: happy (0.91)
INFO 2025-08-23 13:55:04,015 utils 15004 11856 Updated emotion for Person_1: happy (0.91)
INFO 2025-08-23 13:55:06,098 utils 15004 11856 Updated emotion for Person_1: happy (0.91)
INFO 2025-08-23 13:55:07,185 utils 15004 11856 Updated emotion for Person_1: happy (0.91)
INFO 2025-08-23 13:55:13,260 utils 15004 11856 Updated emotion for Person_1: sad (0.80)
INFO 2025-08-23 13:55:15,898 utils 15004 11856 Updated emotion for Person_1: sad (0.82)
INFO 2025-08-23 13:55:19,667 utils 15004 11856 Updated emotion for Person_1: sad (0.83)
INFO 2025-08-23 13:55:26,630 utils 15004 11856 Updated emotion for Person_1: sad (0.83)
INFO 2025-08-23 13:55:29,211 utils 15004 11856 Updated emotion for Person_1: sad (0.81)
INFO 2025-08-23 13:55:47,623 utils 15004 11856 Updated emotion for Person_1: neutral (0.86)
INFO 2025-08-23 13:55:49,917 utils 15004 11856 Updated emotion for Person_1: neutral (0.83)
INFO 2025-08-23 13:55:52,352 utils 15004 11856 Updated emotion for Person_1: neutral (0.83)
INFO 2025-08-23 13:55:54,380 utils 15004 11856 Updated emotion for Person_1: neutral (0.85)
INFO 2025-08-23 13:55:55,416 utils 15004 11856 Registered new person: Person_4
INFO 2025-08-23 13:55:58,811 utils 15004 11856 Updated emotion for Person_4: sad (0.74)
INFO 2025-08-23 13:55:59,896 utils 15004 11856 Updated emotion for Person_4: sad (0.74)
INFO 2025-08-23 13:56:02,953 utils 15004 11856 Updated emotion for Person_4: sad (0.74)
INFO 2025-08-23 13:56:05,994 utils 15004 11856 Updated emotion for Person_4: sad (0.82)
INFO 2025-08-23 13:56:08,224 utils 15004 11856 Updated emotion for Person_4: sad (0.83)
INFO 2025-08-23 13:56:10,452 utils 15004 11856 Updated emotion for Person_1: neutral (0.86)
INFO 2025-08-23 13:56:47,000 utils 15004 11856 Updated emotion for Person_1: happy (0.92)
INFO 2025-08-23 13:56:48,011 utils 15004 11856 Updated emotion for Person_1: happy (0.92)
INFO 2025-08-23 13:56:49,168 utils 15004 11856 Updated emotion for Person_1: happy (0.92)
INFO 2025-08-23 13:56:50,329 utils 15004 11856 Updated emotion for Person_1: happy (0.93)
INFO 2025-08-23 13:56:51,391 utils 15004 11856 Updated emotion for Person_1: happy (0.94)
INFO 2025-08-23 13:57:10,708 utils 15004 11856 Updated emotion for Person_1: neutral (0.81)
INFO 2025-08-23 13:57:11,760 utils 15004 11856 Updated emotion for Person_1: neutral (0.84)
INFO 2025-08-23 13:57:12,843 utils 15004 11856 Updated emotion for Person_1: neutral (0.83)
INFO 2025-08-23 13:57:14,944 utils 15004 11856 Updated emotion for Person_1: neutral (0.80)
INFO 2025-08-23 13:57:17,980 utils 15004 11856 Updated emotion for Person_1: neutral (0.81)
INFO 2025-08-23 13:57:57,722 utils 15004 11856 Registered new person: Person_5
INFO 2025-08-23 14:25:24,221 utils 15004 11856 Updated emotion for Person_1: sad (0.87)
INFO 2025-08-23 14:25:27,174 utils 15004 11856 Updated emotion for Person_1: sad (0.87)
INFO 2025-08-23 14:25:31,223 utils 15004 11856 Registered new person: Person_6
INFO 2025-08-23 14:25:53,074 utils 15004 11856 Updated emotion for Person_1: sad (0.86)
INFO 2025-08-23 14:26:00,707 utils 15004 11856 Updated emotion for Person_1: neutral (0.92)
INFO 2025-08-23 14:26:08,923 utils 15004 11856 Updated emotion for Person_1: neutral (0.92)
INFO 2025-08-23 14:26:21,953 utils 15004 11856 Updated emotion for Person_1: neutral (0.93)
INFO 2025-08-23 14:26:23,006 utils 15004 11856 Updated emotion for Person_1: neutral (0.90)
INFO 2025-08-23 14:26:24,108 utils 15004 11856 Updated emotion for Person_1: neutral (0.90)
INFO 2025-08-23 14:27:15,721 utils 15004 11856 Updated emotion for Person_1: sad (0.77)
INFO 2025-08-23 14:27:17,321 utils 15004 11856 Updated emotion for Person_1: sad (0.78)
INFO 2025-08-23 14:27:18,508 utils 15004 11856 Updated emotion for Person_1: sad (0.77)
INFO 2025-08-23 14:27:19,687 utils 15004 11856 Updated emotion for Person_1: sad (0.78)
INFO 2025-08-23 14:27:20,830 utils 15004 11856 Updated emotion for Person_1: sad (0.82)
INFO 2025-08-23 14:28:40,365 utils 15004 11856 Updated emotion for Person_1: neutral (0.88)
INFO 2025-08-23 14:28:41,704 utils 15004 11856 Updated emotion for Person_1: neutral (0.86)
INFO 2025-08-23 14:28:43,102 utils 15004 11856 Updated emotion for Person_1: neutral (0.87)
INFO 2025-08-23 14:28:44,289 utils 15004 11856 Updated emotion for Person_1: neutral (0.90)
INFO 2025-08-23 14:28:45,463 utils 15004 11856 Updated emotion for Person_1: neutral (0.90)
INFO 2025-08-23 14:29:33,535 utils 15004 11856 Updated emotion for Person_1: sad (0.82)
INFO 2025-08-23 14:29:41,888 utils 15004 11856 Updated emotion for Person_1: sad (0.82)
INFO 2025-08-23 14:29:43,412 utils 15004 11856 Updated emotion for Person_1: sad (0.82)
INFO 2025-08-23 14:29:44,659 utils 15004 11856 Updated emotion for Person_1: neutral (0.87)
INFO 2025-08-23 14:29:47,722 utils 15004 11856 Updated emotion for Person_1: neutral (0.89)
INFO 2025-08-23 14:29:53,704 utils 15004 11856 Updated emotion for Person_1: neutral (0.90)
INFO 2025-08-23 14:29:58,915 utils 15004 11856 Updated emotion for Person_1: neutral (0.96)
INFO 2025-08-23 14:30:16,733 utils 15004 11856 Updated emotion for Person_1: neutral (0.96)
INFO 2025-08-23 14:31:22,793 utils 15004 11856 Updated emotion for Person_1: sad (0.95)
INFO 2025-08-23 14:31:23,927 utils 15004 11856 Updated emotion for Person_1: sad (0.96)
INFO 2025-08-23 14:31:24,994 utils 15004 11856 Updated emotion for Person_1: sad (0.96)
INFO 2025-08-23 14:31:26,066 utils 15004 11856 Updated emotion for Person_1: sad (0.96)
INFO 2025-08-23 14:31:27,343 utils 15004 11856 Updated emotion for Person_1: sad (0.99)
INFO 2025-08-23 14:31:59,442 utils 15004 11856 Updated emotion for Person_1: neutral (0.83)
INFO 2025-08-23 14:32:01,944 utils 15004 11856 Updated emotion for Person_1: neutral (0.80)
INFO 2025-08-23 14:32:03,380 utils 15004 11856 Updated emotion for Person_1: neutral (0.80)
INFO 2025-08-23 14:32:04,824 utils 15004 11856 Updated emotion for Person_1: neutral (0.82)
INFO 2025-08-23 14:32:06,709 utils 15004 11856 Updated emotion for Person_1: neutral (0.85)
INFO 2025-08-23 14:32:28,661 utils 15004 11856 Updated emotion for Person_1: sad (0.86)
INFO 2025-08-23 14:32:32,340 utils 15004 11856 Updated emotion for Person_1: sad (0.85)
INFO 2025-08-23 14:32:34,535 utils 15004 11856 Updated emotion for Person_1: sad (0.87)
INFO 2025-08-23 14:32:38,318 utils 15004 11856 Updated emotion for Person_1: sad (0.89)
INFO 2025-08-23 14:32:46,327 utils 15004 11856 Updated emotion for Person_1: sad (0.89)
INFO 2025-08-23 14:33:17,179 utils 15004 11856 Updated emotion for Person_1: neutral (0.84)
INFO 2025-08-23 14:33:18,711 utils 15004 11856 Updated emotion for Person_1: neutral (0.87)
INFO 2025-08-23 14:33:32,696 utils 15004 11856 Updated emotion for Person_1: neutral (0.87)
INFO 2025-08-23 14:33:37,359 utils 15004 11856 Updated emotion for Person_1: neutral (0.88)
INFO 2025-08-23 14:33:38,889 utils 15004 11856 Updated emotion for Person_1: neutral (0.88)
INFO 2025-08-23 14:34:28,748 utils 15004 11856 Updated emotion for Person_1: sad (0.80)
INFO 2025-08-23 14:34:32,335 utils 15004 11856 Updated emotion for Person_1: sad (0.78)
INFO 2025-08-23 14:34:33,987 utils 15004 11856 Updated emotion for Person_1: sad (0.74)
INFO 2025-08-23 14:34:35,596 utils 15004 11856 Updated emotion for Person_1: sad (0.71)
INFO 2025-08-23 14:34:37,355 utils 15004 11856 Updated emotion for Person_1: neutral (0.87)
INFO 2025-08-23 14:34:38,919 utils 15004 11856 Updated emotion for Person_1: neutral (0.90)
INFO 2025-08-23 14:34:40,362 utils 15004 11856 Updated emotion for Person_1: neutral (0.92)
INFO 2025-08-23 14:34:42,149 utils 15004 11856 Updated emotion for Person_1: neutral (0.92)
INFO 2025-08-23 14:34:43,842 utils 15004 11856 Updated emotion for Person_1: sad (0.75)
INFO 2025-08-23 14:34:45,346 utils 15004 11856 Updated emotion for Person_1: sad (0.78)
INFO 2025-08-23 14:34:46,902 utils 15004 11856 Updated emotion for Person_1: neutral (0.90)
INFO 2025-08-23 14:34:50,647 utils 15004 11856 Updated emotion for Person_1: neutral (0.91)
INFO 2025-08-23 14:34:56,966 utils 15004 11856 Updated emotion for Person_1: neutral (0.92)
INFO 2025-08-23 14:34:59,072 utils 15004 11856 Updated emotion for Person_1: neutral (0.92)
INFO 2025-08-23 14:35:04,866 utils 15004 11856 Updated emotion for Person_1: neutral (0.92)
INFO 2025-08-23 14:35:52,462 utils 15004 11856 Updated emotion for Person_1: sad (1.00)
INFO 2025-08-23 14:35:54,126 utils 15004 11856 Updated emotion for Person_1: sad (1.00)
INFO 2025-08-23 14:35:55,203 utils 15004 11856 Updated emotion for Person_1: sad (1.00)
INFO 2025-08-23 14:35:58,015 utils 15004 11856 Updated emotion for Person_1: sad (1.00)
INFO 2025-08-23 14:35:59,279 utils 15004 11856 Updated emotion for Person_1: sad (1.00)
INFO 2025-08-23 14:36:08,777 utils 15004 11856 Updated emotion for Person_1: neutral (0.92)
INFO 2025-08-23 14:36:13,373 utils 15004 11856 Updated emotion for Person_1: neutral (0.91)
INFO 2025-08-23 14:36:17,041 utils 15004 11856 Updated emotion for Person_1: neutral (0.91)
INFO 2025-08-23 14:36:23,876 utils 15004 11856 Updated emotion for Person_1: neutral (0.95)
INFO 2025-08-23 14:36:25,838 utils 15004 11856 Updated emotion for Person_1: neutral (0.95)
INFO 2025-08-23 14:37:16,268 utils 15004 11856 Registered new person: Person_7
INFO 2025-08-23 14:37:26,427 utils 15004 11856 Updated emotion for Person_1: sad (0.91)
INFO 2025-08-23 14:37:29,536 utils 15004 11856 Updated emotion for Person_1: neutral (0.86)
INFO 2025-08-23 14:37:31,231 utils 15004 11856 Updated emotion for Person_1: sad (0.93)
INFO 2025-08-23 14:37:33,383 utils 15004 11856 Updated emotion for Person_1: sad (0.93)
INFO 2025-08-23 14:37:35,799 utils 15004 11856 Updated emotion for Person_1: sad (0.94)
INFO 2025-08-23 14:37:38,205 utils 15004 11856 Updated emotion for Person_1: sad (0.94)
INFO 2025-08-23 14:37:40,240 utils 15004 11856 Updated emotion for Person_1: sad (0.95)
INFO 2025-08-23 14:38:20,612 utils 15004 11856 Updated emotion for Person_1: neutral (0.90)
INFO 2025-08-23 14:38:21,710 utils 15004 11856 Updated emotion for Person_1: neutral (0.90)
INFO 2025-08-23 14:38:23,759 utils 15004 11856 Updated emotion for Person_1: neutral (0.88)
INFO 2025-08-23 14:38:24,837 utils 15004 11856 Updated emotion for Person_1: neutral (0.86)
INFO 2025-08-23 14:38:28,070 utils 15004 11856 Updated emotion for Person_1: neutral (0.83)
INFO 2025-08-23 14:38:32,199 utils 15004 11856 Updated emotion for Person_1: sad (0.81)
INFO 2025-08-23 14:38:33,277 utils 15004 11856 Updated emotion for Person_1: sad (0.81)
INFO 2025-08-23 14:38:35,355 utils 15004 11856 Updated emotion for Person_1: sad (0.81)
INFO 2025-08-23 14:38:36,527 utils 15004 11856 Updated emotion for Person_1: sad (0.81)
INFO 2025-08-23 14:38:37,584 utils 15004 11856 Updated emotion for Person_1: sad (0.82)
INFO 2025-08-23 14:38:53,160 utils 15004 11856 Updated emotion for Person_1: neutral (0.80)
INFO 2025-08-23 14:38:56,324 utils 15004 11856 Updated emotion for Person_1: sad (0.86)
INFO 2025-08-23 14:38:57,385 utils 15004 11856 Updated emotion for Person_1: neutral (0.82)
INFO 2025-08-23 14:39:00,168 utils 15004 11856 Updated emotion for Person_1: sad (0.84)
INFO 2025-08-23 14:39:01,247 utils 15004 11856 Updated emotion for Person_1: sad (0.85)
INFO 2025-08-23 14:39:03,450 utils 15004 11856 Updated emotion for Person_1: sad (0.86)
INFO 2025-08-23 14:39:06,580 utils 15004 11856 Updated emotion for Person_1: sad (0.86)
INFO 2025-08-23 14:39:07,697 utils 15004 11856 Updated emotion for Person_1: sad (0.83)
INFO 2025-08-23 14:41:23,313 utils 15004 11856 Updated emotion for Person_1: angry (0.74)
INFO 2025-08-23 14:41:24,367 utils 15004 11856 Updated emotion for Person_1: angry (0.75)
INFO 2025-08-23 14:41:26,726 utils 15004 11856 Updated emotion for Person_1: angry (0.75)
INFO 2025-08-23 14:41:44,758 utils 15004 11856 Updated emotion for Person_1: sad (0.82)
INFO 2025-08-23 14:41:51,487 utils 15004 11856 Updated emotion for Person_1: sad (0.82)
INFO 2025-08-23 14:41:52,642 utils 15004 11856 Updated emotion for Person_1: sad (0.82)
INFO 2025-08-23 14:41:54,995 utils 15004 11856 Updated emotion for Person_1: sad (0.82)
INFO 2025-08-23 14:41:59,470 utils 15004 11856 Updated emotion for Person_1: angry (0.80)
INFO 2025-08-23 14:42:00,730 utils 15004 11856 Updated emotion for Person_1: angry (0.79)
INFO 2025-08-23 14:42:01,953 utils 15004 11856 Updated emotion for Person_1: angry (0.79)
INFO 2025-08-23 14:42:03,395 utils 15004 11856 Updated emotion for Person_1: angry (0.79)
INFO 2025-08-23 14:42:06,532 utils 15004 11856 Updated emotion for Person_1: angry (0.79)
INFO 2025-08-23 14:42:17,950 utils 15004 11856 Updated emotion for Person_1: sad (0.82)
INFO 2025-08-23 14:42:19,037 utils 15004 11856 Updated emotion for Person_1: sad (0.81)
INFO 2025-08-23 14:42:22,221 utils 15004 11856 Updated emotion for Person_1: sad (0.81)
INFO 2025-08-23 14:42:25,331 utils 15004 11856 Updated emotion for Person_1: sad (0.81)
INFO 2025-08-23 14:42:29,419 utils 15004 11856 Updated emotion for Person_1: sad (0.81)
INFO 2025-08-23 14:43:00,136 utils 15004 11856 Updated emotion for Person_1: fear (0.85)
INFO 2025-08-23 14:43:02,182 utils 15004 11856 Updated emotion for Person_1: sad (0.82)
INFO 2025-08-23 14:43:06,316 utils 15004 11856 Updated emotion for Person_1: sad (0.77)
INFO 2025-08-23 14:43:08,357 utils 15004 11856 Updated emotion for Person_1: sad (0.75)
INFO 2025-08-23 14:43:09,369 utils 15004 11856 Updated emotion for Person_1: sad (0.78)
INFO 2025-08-23 14:43:10,455 utils 15004 11856 Updated emotion for Person_1: sad (0.77)
INFO 2025-08-23 14:43:40,402 utils 15004 11856 Updated emotion for Person_1: neutral (0.83)
INFO 2025-08-23 14:43:41,556 utils 15004 11856 Updated emotion for Person_1: neutral (0.85)
INFO 2025-08-23 14:43:42,673 utils 15004 11856 Updated emotion for Person_1: neutral (0.85)
INFO 2025-08-23 14:43:43,728 utils 15004 11856 Updated emotion for Person_1: neutral (0.86)
INFO 2025-08-23 14:43:44,761 utils 15004 11856 Updated emotion for Person_1: neutral (0.87)
INFO 2025-08-23 14:43:55,468 utils 15004 11856 Updated emotion for Person_1: fear (0.89)
INFO 2025-08-23 14:43:56,578 utils 15004 11856 Updated emotion for Person_1: fear (0.86)
INFO 2025-08-23 14:43:57,926 utils 15004 11856 Updated emotion for Person_1: fear (0.86)
INFO 2025-08-23 14:43:59,981 utils 15004 11856 Updated emotion for Person_1: fear (0.86)
INFO 2025-08-23 14:44:05,067 utils 15004 11856 Updated emotion for Person_1: fear (0.84)
INFO 2025-08-23 14:44:21,317 utils 15004 11856 Updated emotion for Person_1: sad (0.83)
INFO 2025-08-23 14:44:24,369 utils 15004 11856 Updated emotion for Person_1: fear (0.69)
INFO 2025-08-23 14:44:25,423 utils 15004 11856 Updated emotion for Person_1: fear (0.69)
INFO 2025-08-23 14:44:26,488 utils 15004 11856 Updated emotion for Person_1: fear (0.67)
INFO 2025-08-23 14:44:28,672 utils 15004 11856 Updated emotion for Person_1: fear (0.68)
INFO 2025-08-23 14:44:29,739 utils 15004 11856 Updated emotion for Person_1: fear (0.69)
INFO 2025-08-23 19:28:16,088 utils 15732 9124 Updated emotion for Person_1: neutral (0.83)
INFO 2025-08-23 19:28:17,661 utils 15732 9124 Updated emotion for Person_1: angry (0.80)
INFO 2025-08-23 19:28:19,281 utils 15732 9124 Updated emotion for Person_1: angry (0.80)
INFO 2025-08-23 19:28:32,439 utils 15732 9124 Updated emotion for Person_1: angry (0.79)
INFO 2025-08-23 19:28:34,077 utils 15732 9124 Updated emotion for Person_1: angry (0.76)
INFO 2025-08-23 19:28:36,411 utils 15732 9124 Updated emotion for Person_1: angry (0.76)
INFO 2025-08-23 19:28:46,650 utils 15732 9124 Updated emotion for Person_1: sad (0.90)
INFO 2025-08-23 19:28:47,908 utils 15732 9124 Updated emotion for Person_1: sad (0.90)
INFO 2025-08-23 19:28:49,166 utils 15732 9124 Updated emotion for Person_1: sad (0.90)
INFO 2025-08-23 19:28:53,615 utils 15732 9124 Updated emotion for Person_1: sad (0.87)
INFO 2025-08-23 19:28:54,860 utils 15732 9124 Updated emotion for Person_1: sad (0.87)
INFO 2025-08-23 19:29:23,181 utils 15732 9124 Updated emotion for Person_1: happy (0.85)
INFO 2025-08-23 19:29:27,042 utils 15732 9124 Updated emotion for Person_1: happy (0.85)
INFO 2025-08-23 19:29:28,429 utils 15732 9124 Updated emotion for Person_1: happy (0.77)
INFO 2025-08-23 19:29:41,747 utils 15732 9124 Updated emotion for Person_1: sad (0.83)
INFO 2025-08-23 19:29:44,526 utils 15732 9124 Updated emotion for Person_1: fear (0.72)
INFO 2025-08-23 19:29:45,801 utils 15732 9124 Updated emotion for Person_1: fear (0.75)
INFO 2025-08-23 19:29:49,929 utils 15732 9124 Updated emotion for Person_1: fear (0.75)
INFO 2025-08-23 19:29:51,861 utils 15732 9124 Updated emotion for Person_1: fear (0.75)
INFO 2025-08-23 19:29:57,288 utils 15732 9124 Updated emotion for Person_1: angry (0.95)
INFO 2025-08-23 19:29:58,550 utils 15732 9124 Updated emotion for Person_1: angry (0.95)
INFO 2025-08-23 19:29:59,815 utils 15732 9124 Updated emotion for Person_1: angry (0.95)
INFO 2025-08-23 19:30:01,051 utils 15732 9124 Updated emotion for Person_1: angry (0.95)
INFO 2025-08-23 19:30:02,314 utils 15732 9124 Updated emotion for Person_1: angry (0.95)
INFO 2025-08-23 19:30:14,281 utils 15732 9124 Updated emotion for Person_1: sad (0.76)
INFO 2025-08-23 19:30:15,500 utils 15732 9124 Updated emotion for Person_1: sad (0.75)
INFO 2025-08-23 19:30:23,541 utils 15732 9124 Updated emotion for Person_1: sad (0.75)
INFO 2025-08-23 19:30:25,676 utils 15732 9124 Updated emotion for Person_1: sad (0.77)
INFO 2025-08-23 19:30:28,418 utils 15732 9124 Updated emotion for Person_1: sad (0.77)
INFO 2025-08-23 19:32:32,971 utils 15732 9124 Registered new person: Person_8
INFO 2025-08-23 19:34:58,658 utils 15732 9124 Updated emotion for Person_1: angry (0.92)
INFO 2025-08-23 19:34:59,950 utils 15732 9124 Updated emotion for Person_1: angry (0.92)
INFO 2025-08-23 19:35:01,596 utils 15732 9124 Updated emotion for Person_1: angry (0.91)
INFO 2025-08-23 19:35:02,984 utils 15732 9124 Updated emotion for Person_1: angry (0.91)
INFO 2025-08-23 19:35:04,259 utils 15732 9124 Updated emotion for Person_1: angry (0.91)
INFO 2025-08-23 19:37:32,077 utils 15732 9124 Updated emotion for Person_1: sad (0.74)
INFO 2025-08-23 19:37:35,818 utils 15732 9124 Updated emotion for Person_1: sad (0.74)
INFO 2025-08-23 19:37:37,515 utils 15732 9124 Updated emotion for Person_1: sad (0.74)
INFO 2025-08-23 19:37:38,993 utils 15732 9124 Updated emotion for Person_1: sad (0.73)
INFO 2025-08-23 19:37:44,477 utils 15732 9124 Updated emotion for Person_1: sad (0.73)
INFO 2025-08-23 19:38:36,658 utils 15732 9124 Updated emotion for Person_1: happy (0.95)
INFO 2025-08-23 19:38:37,929 utils 15732 9124 Updated emotion for Person_1: happy (0.95)
INFO 2025-08-23 19:38:39,103 utils 15732 9124 Updated emotion for Person_1: happy (0.96)
INFO 2025-08-23 19:38:40,834 utils 15732 9124 Updated emotion for Person_1: happy (0.97)
INFO 2025-08-23 19:38:42,237 utils 15732 9124 Updated emotion for Person_1: happy (0.97)
INFO 2025-08-23 19:39:34,092 utils 15732 9124 Updated emotion for Person_1: sad (0.77)
INFO 2025-08-23 19:39:35,376 utils 15732 9124 Updated emotion for Person_1: sad (0.77)
INFO 2025-08-23 19:39:36,546 utils 15732 9124 Updated emotion for Person_1: sad (0.77)
INFO 2025-08-23 19:39:39,511 utils 15732 9124 Updated emotion for Person_1: angry (0.72)
INFO 2025-08-23 19:39:42,083 utils 15732 9124 Updated emotion for Person_1: angry (0.75)
INFO 2025-08-23 19:39:43,305 utils 15732 9124 Updated emotion for Person_1: angry (0.75)
INFO 2025-08-23 19:39:46,312 utils 15732 9124 Updated emotion for Person_1: angry (0.76)
INFO 2025-08-23 19:39:47,592 utils 15732 9124 Updated emotion for Person_1: angry (0.80)
INFO 2025-08-23 19:40:17,111 utils 15732 9124 Updated emotion for Person_1: sad (0.77)
INFO 2025-08-23 19:40:18,402 utils 15732 9124 Updated emotion for Person_1: sad (0.77)
INFO 2025-08-23 19:40:20,371 utils 15732 9124 Updated emotion for Person_1: sad (0.77)
INFO 2025-08-23 19:40:21,710 utils 15732 9124 Updated emotion for Person_1: sad (0.78)
INFO 2025-08-23 19:40:22,970 utils 15732 9124 Updated emotion for Person_1: sad (0.80)
INFO 2025-08-23 19:43:21,781 utils 15732 9124 Updated emotion for Person_1: neutral (0.86)
INFO 2025-08-23 19:43:26,820 utils 15732 9124 Updated emotion for Person_1: neutral (0.86)
INFO 2025-08-23 19:43:28,190 utils 15732 9124 Updated emotion for Person_1: neutral (0.86)
INFO 2025-08-23 19:43:35,010 utils 15732 9124 Updated emotion for Person_1: neutral (0.86)
INFO 2025-08-23 19:43:37,560 utils 15732 9124 Updated emotion for Person_1: neutral (0.86)
INFO 2025-08-23 19:43:40,357 utils 15732 9124 Updated emotion for Person_1: sad (0.86)
INFO 2025-08-23 19:43:43,029 utils 15732 9124 Updated emotion for Person_1: sad (0.86)
INFO 2025-08-23 19:43:46,769 utils 15732 9124 Updated emotion for Person_1: sad (0.85)
INFO 2025-08-23 19:43:51,708 utils 15732 9124 Updated emotion for Person_1: sad (0.82)
INFO 2025-08-23 19:43:52,946 utils 15732 9124 Updated emotion for Person_1: sad (0.79)
INFO 2025-08-23 19:44:34,884 utils 15732 9124 Updated emotion for Person_1: fear (0.84)
INFO 2025-08-23 19:44:38,163 utils 15732 9124 Updated emotion for Person_1: fear (0.84)
INFO 2025-08-23 19:44:39,422 utils 15732 9124 Updated emotion for Person_1: fear (0.84)
INFO 2025-08-23 19:44:40,703 utils 15732 9124 Updated emotion for Person_1: fear (0.84)
INFO 2025-08-23 19:44:41,875 utils 15732 9124 Updated emotion for Person_1: fear (0.84)
INFO 2025-08-23 19:44:48,130 utils 15732 9124 Updated emotion for Person_1: sad (0.91)
INFO 2025-08-23 19:44:51,065 utils 15732 9124 Updated emotion for Person_1: sad (0.91)
INFO 2025-08-23 19:44:56,578 utils 15732 9124 Updated emotion for Person_1: sad (0.89)
INFO 2025-08-23 19:45:03,704 utils 15732 9124 Updated emotion for Person_1: sad (0.88)
INFO 2025-08-23 19:45:04,976 utils 15732 9124 Updated emotion for Person_1: sad (0.88)
INFO 2025-08-23 19:50:39,806 utils 15732 9124 Updated emotion for Person_5: sad (0.82)
INFO 2025-08-23 19:50:46,950 utils 15732 9124 Updated emotion for Person_1: neutral (0.86)
INFO 2025-08-23 19:50:48,281 utils 15732 9124 Updated emotion for Person_1: neutral (0.86)
INFO 2025-08-23 19:50:49,601 utils 15732 9124 Updated emotion for Person_1: neutral (0.86)
INFO 2025-08-23 19:50:50,509 utils 15732 9124 Updated emotion for Person_5: neutral (0.94)
INFO 2025-08-23 19:50:52,093 utils 15732 9124 Updated emotion for Person_1: neutral (0.86)
INFO 2025-08-23 19:50:53,409 utils 15732 9124 Updated emotion for Person_1: neutral (0.86)
INFO 2025-08-23 19:50:54,324 utils 15732 9124 Updated emotion for Person_5: sad (0.85)
INFO 2025-08-23 19:51:05,341 utils 15732 9124 Updated emotion for Person_1: sad (0.70)
INFO 2025-08-23 19:51:06,658 utils 15732 9124 Updated emotion for Person_1: sad (0.69)
INFO 2025-08-23 19:51:09,420 utils 15732 9124 Updated emotion for Person_1: sad (0.68)
INFO 2025-08-23 19:51:10,923 utils 15732 9124 Updated emotion for Person_1: sad (0.67)
INFO 2025-08-23 19:51:12,413 utils 15732 9124 Updated emotion for Person_1: sad (0.69)
INFO 2025-08-23 19:51:36,511 utils 15732 9124 Updated emotion for Person_5: sad (0.85)
INFO 2025-08-23 19:52:19,031 utils 15732 9124 Updated emotion for Person_5: sad (0.82)
INFO 2025-08-23 19:52:38,756 utils 15732 9124 Updated emotion for Person_5: sad (0.85)
INFO 2025-08-23 19:52:46,578 utils 15732 9124 Updated emotion for Person_5: sad (0.83)
INFO 2025-08-23 19:53:49,554 utils 15732 9124 Updated emotion for Person_1: angry (0.80)
INFO 2025-08-23 19:53:51,602 utils 15732 9124 Updated emotion for Person_1: angry (0.80)
INFO 2025-08-23 19:53:56,649 utils 15732 9124 Updated emotion for Person_1: angry (0.80)
INFO 2025-08-23 19:54:01,674 utils 15732 9124 Updated emotion for Person_1: angry (0.80)
INFO 2025-08-23 19:54:03,817 utils 15732 9124 Updated emotion for Person_1: angry (0.78)
INFO 2025-08-23 19:54:39,499 utils 15732 9124 Updated emotion for Person_1: sad (0.69)
INFO 2025-08-23 19:54:40,803 utils 15732 9124 Updated emotion for Person_1: sad (0.73)
INFO 2025-08-23 19:54:42,039 utils 15732 9124 Updated emotion for Person_1: sad (0.76)
INFO 2025-08-23 19:54:43,688 utils 15732 9124 Updated emotion for Person_1: sad (0.77)
INFO 2025-08-23 19:54:45,018 utils 15732 9124 Updated emotion for Person_1: sad (0.79)
INFO 2025-08-23 19:56:20,541 utils 15732 12792 Updated emotion for Person_1: angry (0.94)
INFO 2025-08-23 19:56:21,974 utils 15732 12792 Updated emotion for Person_1: angry (0.95)
INFO 2025-08-23 19:56:23,543 utils 15732 12792 Updated emotion for Person_1: angry (0.93)
INFO 2025-08-23 19:56:25,000 utils 15732 12792 Updated emotion for Person_1: angry (0.94)
INFO 2025-08-23 19:56:26,368 utils 15732 12792 Updated emotion for Person_1: angry (0.94)
